<?xml version="1.0" encoding="UTF-8"?>
<testng-results skipped="0" failed="1" total="3" passed="2">
  <reporter-output>
  </reporter-output>
  <suite name="ImpactGuru" duration-ms="51900" started-at="2021-05-16T04:12:02Z" finished-at="2021-05-16T04:12:54Z">
    <groups>
    </groups>
    <test name="Test" duration-ms="51900" started-at="2021-05-16T04:12:02Z" finished-at="2021-05-16T04:12:54Z">
      <class name="Testcase.PaymentTest">
        <test-method status="PASS" signature="setpage()[pri:0, instance:Testcase.PaymentTest@7920ba90]" name="setpage" is-config="true" duration-ms="17314" started-at="2021-05-16T09:42:20Z" finished-at="2021-05-16T09:42:37Z">
          <reporter-output>
          </reporter-output>
        </test-method> <!-- setpage -->
        <test-method status="PASS" signature="PaymentDebitCardTest()[pri:0, instance:Testcase.PaymentTest@7920ba90]" name="PaymentDebitCardTest" duration-ms="13208" started-at="2021-05-16T09:42:37Z" finished-at="2021-05-16T09:42:50Z">
          <reporter-output>
          </reporter-output>
        </test-method> <!-- PaymentDebitCardTest -->
        <test-method status="PASS" signature="TearDown()[pri:0, instance:Testcase.PaymentTest@7920ba90]" name="TearDown" is-config="true" duration-ms="3069" started-at="2021-05-16T09:42:51Z" finished-at="2021-05-16T09:42:54Z">
          <reporter-output>
          </reporter-output>
        </test-method> <!-- TearDown -->
      </class> <!-- Testcase.PaymentTest -->
      <class name="Testcase.LoginPageTest">
        <test-method status="PASS" signature="setup()[pri:0, instance:Testcase.LoginPageTest@657c8ad9]" name="setup" is-config="true" duration-ms="7033" started-at="2021-05-16T09:42:02Z" finished-at="2021-05-16T09:42:09Z">
          <reporter-output>
          </reporter-output>
        </test-method> <!-- setup -->
        <test-method status="FAIL" signature="LoginPageTitleTest()[pri:0, instance:Testcase.LoginPageTest@657c8ad9]" name="LoginPageTitleTest" duration-ms="56" started-at="2021-05-16T09:42:09Z" finished-at="2021-05-16T09:42:09Z">
          <exception class="java.lang.AssertionError">
            <message>
              <![CDATA[expected [Pritunl Zero1] but found [Pritunl Zero]]]>
            </message>
            <full-stacktrace>
              <![CDATA[java.lang.AssertionError: expected [Pritunl Zero1] but found [Pritunl Zero]
	at org.testng.Assert.fail(Assert.java:94)
	at org.testng.Assert.failNotEquals(Assert.java:494)
	at org.testng.Assert.assertEquals(Assert.java:123)
	at org.testng.Assert.assertEquals(Assert.java:176)
	at org.testng.Assert.assertEquals(Assert.java:186)
	at Testcase.LoginPageTest.LoginPageTitleTest(LoginPageTest.java:35)
	at sun.reflect.NativeMethodAccessorImpl.invoke0(Native Method)
	at sun.reflect.NativeMethodAccessorImpl.invoke(NativeMethodAccessorImpl.java:62)
	at sun.reflect.DelegatingMethodAccessorImpl.invoke(DelegatingMethodAccessorImpl.java:43)
	at java.lang.reflect.Method.invoke(Method.java:498)
	at org.testng.internal.MethodInvocationHelper.invokeMethod(MethodInvocationHelper.java:84)
	at org.testng.internal.Invoker.invokeMethod(Invoker.java:714)
	at org.testng.internal.Invoker.invokeTestMethod(Invoker.java:901)
	at org.testng.internal.Invoker.invokeTestMethods(Invoker.java:1231)
	at org.testng.internal.TestMethodWorker.invokeTestMethods(TestMethodWorker.java:127)
	at org.testng.internal.TestMethodWorker.run(TestMethodWorker.java:111)
	at org.testng.TestRunner.privateRun(TestRunner.java:767)
	at org.testng.TestRunner.run(TestRunner.java:617)
	at org.testng.SuiteRunner.runTest(SuiteRunner.java:334)
	at org.testng.SuiteRunner.runSequentially(SuiteRunner.java:329)
	at org.testng.SuiteRunner.privateRun(SuiteRunner.java:291)
	at org.testng.SuiteRunner.run(SuiteRunner.java:240)
	at org.testng.SuiteRunnerWorker.runSuite(SuiteRunnerWorker.java:52)
	at org.testng.SuiteRunnerWorker.run(SuiteRunnerWorker.java:86)
	at org.testng.TestNG.runSuitesSequentially(TestNG.java:1224)
	at org.testng.TestNG.runSuitesLocally(TestNG.java:1149)
	at org.testng.TestNG.run(TestNG.java:1057)
	at org.testng.remote.AbstractRemoteTestNG.run(AbstractRemoteTestNG.java:132)
	at org.testng.remote.RemoteTestNG.initAndRun(RemoteTestNG.java:230)
	at org.testng.remote.RemoteTestNG.main(RemoteTestNG.java:76)
]]>
            </full-stacktrace>
          </exception> <!-- java.lang.AssertionError -->
          <reporter-output>
          </reporter-output>
        </test-method> <!-- LoginPageTitleTest -->
        <test-method status="PASS" signature="TearDown()[pri:0, instance:Testcase.LoginPageTest@657c8ad9]" name="TearDown" is-config="true" duration-ms="933" started-at="2021-05-16T09:42:10Z" finished-at="2021-05-16T09:42:10Z">
          <reporter-output>
          </reporter-output>
        </test-method> <!-- TearDown -->
        <test-method status="PASS" signature="setup()[pri:0, instance:Testcase.LoginPageTest@657c8ad9]" name="setup" is-config="true" duration-ms="4116" started-at="2021-05-16T09:42:10Z" finished-at="2021-05-16T09:42:15Z">
          <reporter-output>
          </reporter-output>
        </test-method> <!-- setup -->
        <test-method status="PASS" signature="LoginTest()[pri:0, instance:Testcase.LoginPageTest@657c8ad9]" name="LoginTest" duration-ms="4148" started-at="2021-05-16T09:42:15Z" finished-at="2021-05-16T09:42:19Z">
          <reporter-output>
          </reporter-output>
        </test-method> <!-- LoginTest -->
        <test-method status="PASS" signature="TearDown()[pri:0, instance:Testcase.LoginPageTest@657c8ad9]" name="TearDown" is-config="true" duration-ms="1244" started-at="2021-05-16T09:42:19Z" finished-at="2021-05-16T09:42:20Z">
          <reporter-output>
          </reporter-output>
        </test-method> <!-- TearDown -->
      </class> <!-- Testcase.LoginPageTest -->
    </test> <!-- Test -->
  </suite> <!-- ImpactGuru -->
</testng-results>
