<?xml version="1.0" encoding="UTF-8"?>
<!-- Generated by org.testng.reporters.JUnitXMLReporter -->
<testsuite hostname="DESKTOP-361V7H7" name="Test" tests="3" failures="1" timestamp="16 May 2021 04:12:54 GMT" time="51.9" errors="0">
  <testcase name="LoginPageTitleTest" time="0.056" classname="Testcase.LoginPageTest">
    <failure type="java.lang.AssertionError" message="expected [Pritunl Zero1] but found [Pritunl Zero]">
      <![CDATA[java.lang.AssertionError: expected [Pritunl Zero1] but found [Pritunl Zero]
	at Testcase.LoginPageTest.LoginPageTitleTest(LoginPageTest.java:35)
... Removed 29 stack frames]]>
    </failure>
  </testcase> <!-- LoginPageTitleTest -->
  <testcase name="LoginTest" time="4.148" classname="Testcase.LoginPageTest"/>
  <testcase name="PaymentDebitCardTest" time="13.208" classname="Testcase.PaymentTest"/>
</testsuite> <!-- Test -->
